2024-05-07 09:14:30 - CRITICAL - 'NoneType' object is not callable : N12 is invalid 
2024-05-07 09:16:36 - CRITICAL - 'NoneType' object is not callable : N12 is invalid 
2024-05-07 09:17:30 - CRITICAL - 'NoneType' object is not callable : N12 is invalid 
2024-05-07 09:18:04 - CRITICAL - 'NoneType' object is not callable : N12 is invalid 
2024-05-07 09:18:29 - CRITICAL - 'NoneType' object is not callable : N12 is invalid 
2024-05-07 09:19:12 - CRITICAL - 'NoneType' object is not callable : N12 is invalid 
2024-05-07 09:20:24 - CRITICAL - 'NoneType' object is not callable : N12 is invalid 
2024-05-07 09:21:07 - INFO - צה"ל השתלט על מעבר רפיח בצידו הפלסטיני, 20 מחבלים חוסלו from N12 Successfully committed article to database
2024-05-07 09:21:08 - INFO - האלופה בהלם: מינסוטה עלתה ל-0:2 בדנבר from N12 Successfully committed article to database
2024-05-07 09:21:09 - WARNING - Duplicate article was found : https://www.mako.co.il/news-money/tech12/Article-355559db9ed4f81027.htm?sCh=adbcb2eb226bb110&pId=173113801&partner=lobby
2024-05-07 09:21:09 - WARNING - Duplicate article was found : https://www.mako.co.il/news-money/tech12/Article-355559db9ed4f81027.htm?sCh=adbcb2eb226bb110&pId=173113801&partner=lobby
2024-05-07 09:21:09 - WARNING - Duplicate article was found : https://www.mako.co.il/news-money/2024_q2/Article-3e73c94984d4f81026.htm?sCh=adbcb2eb226bb110&pId=173113801&partner=lobby
2024-05-07 09:21:09 - WARNING - Duplicate article was found : https://www.mako.co.il/news-money/2024_q2/Article-3e73c94984d4f81026.htm?sCh=adbcb2eb226bb110&pId=173113801&partner=lobby
2024-05-07 09:21:10 - WARNING - Duplicate article was found : https://www.mako.co.il/news-money/consumer/Article-b02829b9e1d4f81026.htm?sCh=adbcb2eb226bb110&pId=173113801&partner=lobby
2024-05-07 09:21:10 - WARNING - Duplicate article was found : https://www.mako.co.il/news-money/consumer/Article-b02829b9e1d4f81026.htm?sCh=adbcb2eb226bb110&pId=173113801&partner=lobby
2024-05-07 09:21:10 - WARNING - Duplicate article was found : https://www.mako.co.il/news-money/consumer/Article-b02829b9e1d4f81026.htm?sCh=adbcb2eb226bb110&pId=173113801&partner=lobby
2024-05-07 09:21:10 - WARNING - Duplicate article was found : https://www.mako.co.il/news-money/2024_q2/Article-bc6d24c2b3d4f81026.htm?sCh=adbcb2eb226bb110&pId=173113801&partner=lobby
2024-05-07 09:21:11 - WARNING - Duplicate article was found : https://www.mako.co.il/news-money/2024_q2/Article-bc6d24c2b3d4f81026.htm?sCh=adbcb2eb226bb110&pId=173113801&partner=lobby
2024-05-07 09:21:11 - WARNING - Duplicate article was found : https://www.mako.co.il/news-money/real_estate/Article-ecab00527853f81027.htm?sCh=adbcb2eb226bb110&pId=173113111&partner=lobby
2024-05-07 09:21:11 - WARNING - Duplicate article was found : https://www.mako.co.il/news-money/real_estate/Article-531d3ec22d53f81026.htm?sCh=adbcb2eb226bb110&pId=173113111&partner=lobby
2024-05-07 09:21:12 - WARNING - Duplicate article was found : https://www.mako.co.il/news-money/real_estate/Article-cdf638395233f81026.htm?sCh=adbcb2eb226bb110&pId=173113111&partner=lobby
2024-05-07 09:21:12 - WARNING - Duplicate article was found : https://www.mako.co.il/news-money/real_estate/Article-3ab30af5c9f1f81026.htm?sCh=adbcb2eb226bb110&pId=173113111&partner=lobby
2024-05-07 09:21:13 - WARNING - Duplicate article was found : https://www.mako.co.il/news-money/tech12/Article-09bf21951f73f81026.htm?sCh=adbcb2eb226bb110&pId=173115689&partner=lobby
2024-05-07 09:21:13 - WARNING - Duplicate article was found : https://www.mako.co.il/news-money/tech12/Article-8ebd199fd793f81027.htm?sCh=adbcb2eb226bb110&pId=173115689&partner=lobby
2024-05-07 09:21:13 - WARNING - Duplicate article was found : https://www.mako.co.il/news-money/tech12/Article-94a90b77d283f81026.htm?sCh=adbcb2eb226bb110&pId=173115689&partner=lobby
2024-05-07 09:21:14 - INFO - עמדו מול המפגינים האלימים והפכו לגיבורים: הסטודנטים שהתעקשו להציל את הדגל from N12 Successfully committed article to database
2024-05-07 09:21:16 - INFO - הכירו את המסעדה התאילנדית הכי נסתרת בארץ from N12 Successfully committed article to database
2024-05-07 09:21:16 - INFO - N12 fetch all articles and commit them to the database.
2024-05-07 10:56:19 - WARNING - Duplicate article was found : https://www.mako.co.il/news-military/2024_q2/Article-bed3d34be415f81026.htm?partner=lobby
2024-05-07 10:56:19 - WARNING - Duplicate article was found : https://www.mako.co.il/news-military/2024_q2/Article-bed3d34be415f81026.htm?partner=lobby
2024-05-07 10:56:19 - WARNING - Duplicate article was found : https://www.mako.co.il/news-military/2024_q2/Article-bed3d34be415f81026.htm?partner=lobby
2024-05-07 10:56:26 - WARNING - Duplicate article was found : https://www.mako.co.il/news-military/2024_q2/Article-25a50d2260b4f81027.htm
2024-05-07 10:56:27 - WARNING - Duplicate article was found : https://www.mako.co.il/news-military/2024_q2/Article-25a50d2260b4f81027.htm
2024-05-07 10:56:27 - WARNING - Duplicate article was found : https://www.mako.co.il/news-military/2024_q2/Article-86a92592b5a4f81027.htm
2024-05-07 10:56:27 - WARNING - Duplicate article was found : https://www.mako.co.il/news-military/2024_q2/Article-86a92592b5a4f81027.htm
2024-05-07 10:56:28 - INFO - N12 fetch all articles and commit them to the database.
2024-05-07 10:57:13 - WARNING - Duplicate article was found : https://www.mako.co.il/news-military/2024_q2/Article-bed3d34be415f81026.htm?partner=lobby
2024-05-07 10:57:14 - WARNING - Duplicate article was found : https://13tv.co.il/item/news/politics/politics/osbmg-904045574/?pid=517&cid=902986281
2024-05-07 10:57:14 - WARNING - Duplicate article was found : https://www.mako.co.il/news-military/2024_q2/Article-bed3d34be415f81026.htm?partner=lobby
2024-05-07 10:57:14 - WARNING - Duplicate article was found : https://13tv.co.il/item/news/politics/politics/osbmg-904045574/?pid=517&cid=902986281
2024-05-07 10:57:14 - WARNING - Duplicate article was found : https://www.mako.co.il/news-military/2024_q2/Article-bed3d34be415f81026.htm?partner=lobby
2024-05-07 10:57:14 - WARNING - Duplicate article was found : https://www.ynet.co.il/news/article/bkxpqvvma#autoplay
2024-05-07 10:57:14 - WARNING - Duplicate article was found : https://www.ynet.co.il/news/article/bkxpqvvma#autoplay
2024-05-07 10:57:14 - WARNING - Duplicate article was found : https://13tv.co.il/item/news/politics/politics/ministers-904043260/?pid=517&cid=902986281
2024-05-07 10:57:15 - WARNING - Duplicate article was found : https://www.ynet.co.il/news/article/bkxpqvvma#autoplay
2024-05-07 10:57:15 - WARNING - Duplicate article was found : https://13tv.co.il/item/news/politics/politics/ministers-904043260/?pid=517&cid=902986281
2024-05-07 10:57:15 - WARNING - Duplicate article was found : https://www.ynet.co.il/news/article/bjaltslz0#autoplay
2024-05-07 10:57:15 - WARNING - Duplicate article was found : https://13tv.co.il/item/news/politics/politics/al-jazeera-904043106/?pid=517&cid=902986281
2024-05-07 10:57:15 - WARNING - Duplicate article was found : https://www.ynet.co.il/news/article/bjaltslz0#autoplay
2024-05-07 10:57:15 - WARNING - Duplicate article was found : https://13tv.co.il/item/news/politics/politics/al-jazeera-904043106/?pid=517&cid=902986281
2024-05-07 10:57:15 - WARNING - Duplicate article was found : https://www.ynet.co.il/news/article/bjaltslz0#autoplay
2024-05-07 10:57:16 - WARNING - Duplicate article was found : https://www.ynet.co.il/news/article/b1yupvufr#autoplay
2024-05-07 10:57:16 - WARNING - Duplicate article was found : https://www.ynet.co.il/news/article/b1yupvufr#autoplay
2024-05-07 10:57:16 - WARNING - Duplicate article was found : https://www.ynet.co.il/news/article/b1yupvufr#autoplay
2024-05-07 10:57:17 - WARNING - Duplicate article was found : https://13tv.co.il/item/news/politics/state-policy/biden-netanyahu-904045125/?pid=517&cid=902986314
2024-05-07 10:57:17 - WARNING - Duplicate article was found : https://www.ynet.co.il/news/article/b1622nhz0
2024-05-07 10:57:17 - WARNING - Duplicate article was found : https://13tv.co.il/item/news/politics/state-policy/biden-netanyahu-904045125/?pid=517&cid=902986314
2024-05-07 10:57:17 - WARNING - Duplicate article was found : https://www.ynet.co.il/news/article/b1622nhz0
2024-05-07 10:57:18 - WARNING - Duplicate article was found : https://www.ynet.co.il/news/article/b1622nhz0
2024-05-07 10:57:18 - WARNING - Duplicate article was found : https://www.ynet.co.il/news/article/yokra13905637
2024-05-07 10:57:18 - WARNING - Duplicate article was found : https://www.ynet.co.il/news/article/yokra13905637
2024-05-07 10:57:18 - WARNING - Duplicate article was found : https://www.ynet.co.il/news/article/yokra13905637
2024-05-07 10:57:18 - WARNING - Duplicate article was found : https://www.ynet.co.il/news/article/rki8xevz0
2024-05-07 10:57:19 - WARNING - Duplicate article was found : https://www.ynet.co.il/news/article/rki8xevz0
2024-05-07 10:57:19 - WARNING - Duplicate article was found : https://www.ynet.co.il/news/article/rki8xevz0
2024-05-07 10:57:21 - WARNING - Duplicate article was found : https://www.mako.co.il/news-military/2024_q2/Article-25a50d2260b4f81027.htm
2024-05-07 10:57:22 - WARNING - Duplicate article was found : https://www.mako.co.il/news-military/2024_q2/Article-25a50d2260b4f81027.htm
2024-05-07 10:57:22 - WARNING - Duplicate article was found : https://www.mako.co.il/news-military/2024_q2/Article-86a92592b5a4f81027.htm
2024-05-07 10:57:22 - WARNING - Duplicate article was found : https://www.mako.co.il/news-military/2024_q2/Article-86a92592b5a4f81027.htm
2024-05-07 10:57:23 - INFO - N12 fetch all articles and commit them to the database.
2024-05-07 10:57:23 - INFO - N13 fetch all articles and commit them to the database.
2024-05-07 10:57:25 - INFO - YNET fetch all articles and commit them to the database.
2024-05-07 10:58:44 - WARNING - Duplicate article was found : https://www.mako.co.il/news-military/2024_q2/Article-bed3d34be415f81026.htm?partner=lobby
2024-05-07 10:58:44 - WARNING - Duplicate article was found : https://13tv.co.il/item/news/politics/politics/osbmg-904045574/?pid=517&cid=902986281
2024-05-07 10:58:44 - WARNING - Duplicate article was found : https://www.mako.co.il/news-military/2024_q2/Article-bed3d34be415f81026.htm?partner=lobby
2024-05-07 10:58:44 - WARNING - Duplicate article was found : https://13tv.co.il/item/news/politics/politics/osbmg-904045574/?pid=517&cid=902986281
2024-05-07 10:58:44 - WARNING - Duplicate article was found : https://www.mako.co.il/news-military/2024_q2/Article-bed3d34be415f81026.htm?partner=lobby
2024-05-07 10:58:44 - WARNING - Duplicate article was found : https://www.ynet.co.il/news/article/bkxpqvvma#autoplay
2024-05-07 10:58:45 - WARNING - Duplicate article was found : https://www.ynet.co.il/news/article/bkxpqvvma#autoplay
2024-05-07 10:58:45 - WARNING - Duplicate article was found : https://13tv.co.il/item/news/politics/politics/ministers-904043260/?pid=517&cid=902986281
2024-05-07 10:58:45 - WARNING - Duplicate article was found : https://www.ynet.co.il/news/article/bkxpqvvma#autoplay
2024-05-07 10:58:45 - WARNING - Duplicate article was found : https://13tv.co.il/item/news/politics/politics/ministers-904043260/?pid=517&cid=902986281
2024-05-07 10:58:45 - WARNING - Duplicate article was found : https://www.ynet.co.il/news/article/bjaltslz0#autoplay
2024-05-07 10:58:45 - WARNING - Duplicate article was found : https://13tv.co.il/item/news/politics/politics/al-jazeera-904043106/?pid=517&cid=902986281
2024-05-07 10:58:45 - WARNING - Duplicate article was found : https://www.ynet.co.il/news/article/bjaltslz0#autoplay
2024-05-07 10:58:45 - WARNING - Duplicate article was found : https://13tv.co.il/item/news/politics/politics/al-jazeera-904043106/?pid=517&cid=902986281
2024-05-07 10:58:45 - WARNING - Duplicate article was found : https://www.ynet.co.il/news/article/bjaltslz0#autoplay
2024-05-07 10:58:46 - WARNING - Duplicate article was found : https://www.ynet.co.il/news/article/b1yupvufr#autoplay
2024-05-07 10:58:46 - WARNING - Duplicate article was found : https://www.ynet.co.il/news/article/b1yupvufr#autoplay
2024-05-07 10:58:46 - WARNING - Duplicate article was found : https://www.ynet.co.il/news/article/b1yupvufr#autoplay
2024-05-07 10:58:47 - WARNING - Duplicate article was found : https://13tv.co.il/item/news/politics/state-policy/biden-netanyahu-904045125/?pid=517&cid=902986314
2024-05-07 10:58:47 - WARNING - Duplicate article was found : https://www.ynet.co.il/news/article/b1622nhz0
2024-05-07 10:58:47 - WARNING - Duplicate article was found : https://13tv.co.il/item/news/politics/state-policy/biden-netanyahu-904045125/?pid=517&cid=902986314
2024-05-07 10:58:47 - WARNING - Duplicate article was found : https://www.ynet.co.il/news/article/b1622nhz0
2024-05-07 10:58:47 - WARNING - Duplicate article was found : https://www.ynet.co.il/news/article/b1622nhz0
2024-05-07 10:58:48 - WARNING - Duplicate article was found : https://www.ynet.co.il/news/article/yokra13905637
2024-05-07 10:58:48 - WARNING - Duplicate article was found : https://www.ynet.co.il/news/article/yokra13905637
2024-05-07 10:58:48 - WARNING - Duplicate article was found : https://www.ynet.co.il/news/article/yokra13905637
2024-05-07 10:58:48 - WARNING - Duplicate article was found : https://www.ynet.co.il/news/article/rki8xevz0
2024-05-07 10:58:49 - WARNING - Duplicate article was found : https://www.ynet.co.il/news/article/rki8xevz0
2024-05-07 10:58:49 - WARNING - Duplicate article was found : https://www.ynet.co.il/news/article/rki8xevz0
2024-05-07 10:58:51 - WARNING - Duplicate article was found : https://www.mako.co.il/news-military/2024_q2/Article-25a50d2260b4f81027.htm
2024-05-07 10:58:51 - WARNING - Duplicate article was found : https://www.mako.co.il/news-military/2024_q2/Article-25a50d2260b4f81027.htm
2024-05-07 10:58:52 - WARNING - Duplicate article was found : https://www.mako.co.il/news-military/2024_q2/Article-86a92592b5a4f81027.htm
2024-05-07 10:58:52 - WARNING - Duplicate article was found : https://www.mako.co.il/news-military/2024_q2/Article-86a92592b5a4f81027.htm
2024-05-07 10:58:53 - INFO - N12 fetch all articles and commit them to the database.
2024-05-07 10:58:53 - INFO - N13 fetch all articles and commit them to the database.
2024-05-07 10:58:54 - INFO - YNET fetch all articles and commit them to the database.
2024-05-07 10:59:11 - WARNING - Duplicate article was found : https://www.mako.co.il/news-military/2024_q2/Article-bed3d34be415f81026.htm?partner=lobby
2024-05-07 10:59:11 - WARNING - Duplicate article was found : https://13tv.co.il/item/news/politics/politics/osbmg-904045574/?pid=517&cid=902986281
2024-05-07 10:59:11 - WARNING - Duplicate article was found : https://www.mako.co.il/news-military/2024_q2/Article-bed3d34be415f81026.htm?partner=lobby
2024-05-07 10:59:11 - WARNING - Duplicate article was found : https://13tv.co.il/item/news/politics/politics/osbmg-904045574/?pid=517&cid=902986281
2024-05-07 10:59:12 - WARNING - Duplicate article was found : https://www.mako.co.il/news-military/2024_q2/Article-bed3d34be415f81026.htm?partner=lobby
2024-05-07 10:59:12 - WARNING - Duplicate article was found : https://www.ynet.co.il/news/article/bkxpqvvma#autoplay
2024-05-07 10:59:12 - WARNING - Duplicate article was found : https://www.ynet.co.il/news/article/bkxpqvvma#autoplay
2024-05-07 10:59:12 - WARNING - Duplicate article was found : https://13tv.co.il/item/news/politics/politics/ministers-904043260/?pid=517&cid=902986281
2024-05-07 10:59:12 - WARNING - Duplicate article was found : https://www.ynet.co.il/news/article/bkxpqvvma#autoplay
2024-05-07 10:59:12 - WARNING - Duplicate article was found : https://13tv.co.il/item/news/politics/politics/ministers-904043260/?pid=517&cid=902986281
2024-05-07 10:59:12 - WARNING - Duplicate article was found : https://www.ynet.co.il/news/article/bjaltslz0#autoplay
2024-05-07 10:59:13 - WARNING - Duplicate article was found : https://13tv.co.il/item/news/politics/politics/al-jazeera-904043106/?pid=517&cid=902986281
2024-05-07 10:59:13 - WARNING - Duplicate article was found : https://www.ynet.co.il/news/article/bjaltslz0#autoplay
2024-05-07 10:59:13 - WARNING - Duplicate article was found : https://13tv.co.il/item/news/politics/politics/al-jazeera-904043106/?pid=517&cid=902986281
2024-05-07 10:59:13 - WARNING - Duplicate article was found : https://www.ynet.co.il/news/article/bjaltslz0#autoplay
2024-05-07 10:59:13 - WARNING - Duplicate article was found : https://www.ynet.co.il/news/article/b1yupvufr#autoplay
2024-05-07 10:59:13 - WARNING - Duplicate article was found : https://www.ynet.co.il/news/article/b1yupvufr#autoplay
2024-05-07 10:59:14 - WARNING - Duplicate article was found : https://www.ynet.co.il/news/article/b1yupvufr#autoplay
2024-05-07 10:59:14 - WARNING - Duplicate article was found : https://13tv.co.il/item/news/politics/state-policy/biden-netanyahu-904045125/?pid=517&cid=902986314
2024-05-07 10:59:15 - WARNING - Duplicate article was found : https://www.ynet.co.il/news/article/b1622nhz0
2024-05-07 10:59:15 - WARNING - Duplicate article was found : https://13tv.co.il/item/news/politics/state-policy/biden-netanyahu-904045125/?pid=517&cid=902986314
2024-05-07 10:59:15 - WARNING - Duplicate article was found : https://www.ynet.co.il/news/article/b1622nhz0
2024-05-07 10:59:15 - WARNING - Duplicate article was found : https://www.ynet.co.il/news/article/b1622nhz0
2024-05-07 10:59:15 - WARNING - Duplicate article was found : https://www.ynet.co.il/news/article/yokra13905637
2024-05-07 10:59:15 - WARNING - Duplicate article was found : https://www.ynet.co.il/news/article/yokra13905637
2024-05-07 10:59:16 - WARNING - Duplicate article was found : https://www.ynet.co.il/news/article/yokra13905637
2024-05-07 10:59:16 - WARNING - Duplicate article was found : https://www.ynet.co.il/news/article/rki8xevz0
2024-05-07 10:59:16 - WARNING - Duplicate article was found : https://www.ynet.co.il/news/article/rki8xevz0
2024-05-07 10:59:16 - WARNING - Duplicate article was found : https://www.ynet.co.il/news/article/rki8xevz0
2024-05-07 10:59:19 - WARNING - Duplicate article was found : https://www.mako.co.il/news-military/2024_q2/Article-25a50d2260b4f81027.htm
2024-05-07 10:59:19 - WARNING - Duplicate article was found : https://www.mako.co.il/news-military/2024_q2/Article-25a50d2260b4f81027.htm
2024-05-07 10:59:19 - WARNING - Duplicate article was found : https://www.mako.co.il/news-military/2024_q2/Article-86a92592b5a4f81027.htm
2024-05-07 10:59:19 - WARNING - Duplicate article was found : https://www.mako.co.il/news-military/2024_q2/Article-86a92592b5a4f81027.htm
2024-05-07 10:59:22 - WARNING - Duplicate article was found : https://13tv.co.il/item/news/domestic/internal/o5p3j-904034600/?pid=98415
2024-05-07 10:59:22 - WARNING - Duplicate article was found : https://www.mako.co.il/news-sport/basketball-2024_q2/Article-96b0d34be415f81026.htm?sCh=d0289dfc85dab610&pId=173122001&partner=lobby
2024-05-07 10:59:22 - WARNING - Duplicate article was found : https://13tv.co.il/item/news/domestic/internal/o5p3j-904034600/?pid=98415
2024-05-07 10:59:22 - WARNING - Duplicate article was found : https://www.mako.co.il/news-sport/basketball-2024_q2/Article-96b0d34be415f81026.htm?sCh=d0289dfc85dab610&pId=173122001&partner=lobby
2024-05-07 10:59:22 - WARNING - Duplicate article was found : https://13tv.co.il/item/news/domestic/internal/tlrou-904033435/?pid=98415
2024-05-07 10:59:22 - WARNING - Duplicate article was found : https://www.mako.co.il/news-sport/basketball-2024_q2/Article-96b0d34be415f81026.htm?sCh=d0289dfc85dab610&pId=173122001&partner=lobby
2024-05-07 10:59:22 - WARNING - Duplicate article was found : https://13tv.co.il/item/news/domestic/internal/tlrou-904033435/?pid=98415
2024-05-07 10:59:22 - WARNING - Duplicate article was found : https://13tv.co.il/item/news/domestic/internal/shalom-avitan-904026801/?pid=98415
2024-05-07 10:59:23 - WARNING - Duplicate article was found : https://13tv.co.il/item/news/domestic/internal/shalom-avitan-904026801/?pid=98415
2024-05-07 10:59:23 - WARNING - Duplicate article was found : https://13tv.co.il/item/news/domestic/internal/run-904026200/?pid=98415
2024-05-07 10:59:23 - WARNING - Duplicate article was found : https://13tv.co.il/item/news/domestic/internal/run-904026200/?pid=98415
2024-05-07 10:59:23 - WARNING - Duplicate article was found : https://13tv.co.il/item/news/domestic/internal/tlv-904023053/?pid=98415
2024-05-07 10:59:24 - WARNING - Duplicate article was found : https://www.ynet.co.il/sport/israelisoccer/article/bkbqvxpgc#autoplay
2024-05-07 10:59:24 - WARNING - Duplicate article was found : https://13tv.co.il/item/news/domestic/internal/tlv-904023053/?pid=98415
2024-05-07 10:59:24 - WARNING - Duplicate article was found : https://www.ynet.co.il/sport/israelisoccer/article/bkbqvxpgc#autoplay
2024-05-07 10:59:24 - WARNING - Duplicate article was found : https://13tv.co.il/item/news/domestic/internal/evjdd-904020611/?pid=98415
2024-05-07 10:59:24 - WARNING - Duplicate article was found : https://13tv.co.il/item/news/domestic/internal/evjdd-904020611/?pid=98415
2024-05-07 10:59:24 - WARNING - Duplicate article was found : https://13tv.co.il/item/news/abroad/oj-simpson-904016256/?pid=98415
2024-05-07 10:59:24 - WARNING - Duplicate article was found : https://www.ynet.co.il/sport/worldbasketball/article/h1w8leuza#autoplay
2024-05-07 10:59:25 - WARNING - Duplicate article was found : https://13tv.co.il/item/news/abroad/oj-simpson-904016256/?pid=98415
2024-05-07 10:59:25 - WARNING - Duplicate article was found : https://www.ynet.co.il/sport/article/bj30dssza#autoplay
2024-05-07 10:59:25 - WARNING - Duplicate article was found : https://13tv.co.il/item/news/domestic/crime-and-justice/protest-904008831/?pid=98415
2024-05-07 10:59:25 - WARNING - Duplicate article was found : https://www.ynet.co.il/sport/article/bj30dssza
2024-05-07 10:59:25 - WARNING - Duplicate article was found : https://13tv.co.il/item/news/domestic/crime-and-justice/protest-904008831/?pid=98415
2024-05-07 10:59:25 - WARNING - Duplicate article was found : https://www.ynet.co.il/sport/israelisoccer/article/bymwvxnzc#autoplay
2024-05-07 10:59:25 - WARNING - Duplicate article was found : https://13tv.co.il/item/news/domestic/education-society/erdvx-904004230/?pid=98415
2024-05-07 10:59:26 - WARNING - Duplicate article was found : https://www.ynet.co.il/sport/israelisoccer/article/bymwvxnzc
2024-05-07 10:59:26 - WARNING - Duplicate article was found : https://13tv.co.il/item/news/domestic/education-society/erdvx-904004230/?pid=98415
2024-05-07 10:59:26 - WARNING - Duplicate article was found : https://13tv.co.il/item/news/domestic/internal/b94vp-903998539/?pid=98415
2024-05-07 10:59:26 - WARNING - Duplicate article was found : https://13tv.co.il/item/news/domestic/internal/b94vp-903998539/?pid=98415
2024-05-07 10:59:26 - WARNING - Duplicate article was found : https://www.ynet.co.il/sport/article/bkcgjmnm0#autoplay
2024-05-07 10:59:26 - WARNING - Duplicate article was found : https://13tv.co.il/item/news/domestic/crime-and-justice/basketball-player-903996920/?pid=98415
2024-05-07 10:59:27 - WARNING - Duplicate article was found : https://13tv.co.il/item/news/domestic/crime-and-justice/basketball-player-903996920/?pid=98415
2024-05-07 10:59:27 - WARNING - Duplicate article was found : https://www.ynet.co.il/sport/worldbasketball/article/sjss3jefc#autoplay
2024-05-07 10:59:27 - WARNING - Duplicate article was found : https://13tv.co.il/item/news/domestic/internal/dgqi5-903994323/?pid=98415
2024-05-07 10:59:27 - WARNING - Duplicate article was found : https://13tv.co.il/item/news/domestic/internal/dgqi5-903994323/?pid=98415
2024-05-07 10:59:27 - WARNING - Duplicate article was found : https://13tv.co.il/item/news/politics/politics/zamv0-903994004/?pid=98415
2024-05-07 10:59:28 - WARNING - Duplicate article was found : https://13tv.co.il/item/news/politics/politics/zamv0-903994004/?pid=98415
2024-05-07 10:59:28 - WARNING - Duplicate article was found : https://13tv.co.il/item/news/domestic/internal/hw6du-903993784/?pid=98415
2024-05-07 10:59:28 - WARNING - Duplicate article was found : https://13tv.co.il/item/news/domestic/internal/hw6du-903993784/?pid=98415
2024-05-07 10:59:28 - WARNING - Duplicate article was found : https://www.ynet.co.il/sport/israelisoccer/article/hjipk11vg0#autoplay
2024-05-07 10:59:28 - WARNING - Duplicate article was found : https://13tv.co.il/item/news/domestic/crime-and-justice/xc1o8-903991344/?pid=98415
2024-05-07 10:59:29 - WARNING - Duplicate article was found : https://13tv.co.il/item/news/domestic/crime-and-justice/xc1o8-903991344/?pid=98415
2024-05-07 10:59:29 - WARNING - Duplicate article was found : https://13tv.co.il/item/news/domestic/internal/football-903990151/?pid=98415
2024-05-07 10:59:29 - WARNING - Duplicate article was found : https://13tv.co.il/item/news/domestic/internal/football-903990151/?pid=98415
2024-05-07 10:59:29 - WARNING - Duplicate article was found : https://13tv.co.il/item/news/domestic/crime-and-justice/f6ye8-903989126/?pid=98415
2024-05-07 10:59:29 - WARNING - Duplicate article was found : https://www.ynet.co.il/sport/worldsoccer/article/bjb00vuigc#autoplay
2024-05-07 10:59:30 - WARNING - Duplicate article was found : https://13tv.co.il/item/news/domestic/crime-and-justice/f6ye8-903989126/?pid=98415
2024-05-07 10:59:30 - WARNING - Duplicate article was found : https://13tv.co.il/item/news/domestic/crime-and-justice/lsz03-903988763/?pid=98415
2024-05-07 10:59:30 - WARNING - Duplicate article was found : https://13tv.co.il/item/news/domestic/crime-and-justice/lsz03-903988763/?pid=98415
2024-05-07 10:59:30 - WARNING - Duplicate article was found : https://13tv.co.il/item/news/domestic/internal/tgfed-903987098/?pid=98415
2024-05-07 10:59:31 - WARNING - Duplicate article was found : https://13tv.co.il/item/news/domestic/internal/tgfed-903987098/?pid=98415
2024-05-07 10:59:31 - WARNING - Duplicate article was found : https://www.ynet.co.il/sport/israelibasketball/article/h1pz6qlzr#autoplay
2024-05-07 10:59:32 - WARNING - Duplicate article was found : https://www.mako.co.il/news-money/tech12/Article-355559db9ed4f81027.htm?sCh=adbcb2eb226bb110&pId=173113801&partner=lobby
2024-05-07 10:59:32 - WARNING - Duplicate article was found : https://www.mako.co.il/news-money/tech12/Article-355559db9ed4f81027.htm?sCh=adbcb2eb226bb110&pId=173113801&partner=lobby
2024-05-07 10:59:32 - WARNING - Duplicate article was found : https://www.mako.co.il/news-money/2024_q2/Article-3e73c94984d4f81026.htm?sCh=adbcb2eb226bb110&pId=173113801&partner=lobby
2024-05-07 10:59:33 - WARNING - Duplicate article was found : https://www.mako.co.il/news-money/2024_q2/Article-3e73c94984d4f81026.htm?sCh=adbcb2eb226bb110&pId=173113801&partner=lobby
2024-05-07 10:59:33 - WARNING - Duplicate article was found : https://www.mako.co.il/news-money/real_estate/Article-ecab00527853f81027.htm?sCh=adbcb2eb226bb110&pId=173113111&partner=lobby
2024-05-07 10:59:33 - WARNING - Duplicate article was found : https://www.mako.co.il/news-money/real_estate/Article-531d3ec22d53f81026.htm?sCh=adbcb2eb226bb110&pId=173113111&partner=lobby
2024-05-07 10:59:33 - WARNING - Duplicate article was found : https://www.mako.co.il/news-money/real_estate/Article-cdf638395233f81026.htm?sCh=adbcb2eb226bb110&pId=173113111&partner=lobby
2024-05-07 10:59:33 - WARNING - Duplicate article was found : https://www.ynet.co.il/sport/worldbasketball/article/b1apdw7fr#autoplay
2024-05-07 10:59:34 - WARNING - Duplicate article was found : https://www.mako.co.il/news-money/real_estate/Article-3ab30af5c9f1f81026.htm?sCh=adbcb2eb226bb110&pId=173113111&partner=lobby
2024-05-07 10:59:34 - WARNING - Duplicate article was found : https://www.ynet.co.il/sport/worldbasketball/article/b1apdw7fr#autoplay
2024-05-07 10:59:34 - WARNING - Duplicate article was found : https://www.mako.co.il/news-money/tech12/Article-09bf21951f73f81026.htm?sCh=adbcb2eb226bb110&pId=173115689&partner=lobby
2024-05-07 10:59:34 - WARNING - Duplicate article was found : https://www.mako.co.il/news-money/tech12/Article-8ebd199fd793f81027.htm?sCh=adbcb2eb226bb110&pId=173115689&partner=lobby
2024-05-07 10:59:34 - WARNING - Duplicate article was found : https://www.mako.co.il/news-money/tech12/Article-94a90b77d283f81026.htm?sCh=adbcb2eb226bb110&pId=173115689&partner=lobby
2024-05-07 10:59:38 - WARNING - Duplicate article was found : https://13tv.co.il/item/news/economics/gwmb8-904045304/?pid=539
2024-05-07 10:59:38 - WARNING - Duplicate article was found : https://13tv.co.il/item/news/economics/gwmb8-904045304/?pid=539
2024-05-07 10:59:38 - WARNING - Duplicate article was found : https://13tv.co.il/item/news/economics/bwyz4-904045544/?pid=539
2024-05-07 10:59:38 - WARNING - Duplicate article was found : https://13tv.co.il/item/news/economics/bwyz4-904045544/?pid=539
2024-05-07 10:59:38 - WARNING - Duplicate article was found : https://13tv.co.il/item/news/economics/h2za1-904040698/?pid=539
2024-05-07 10:59:39 - WARNING - Duplicate article was found : https://13tv.co.il/item/news/economics/h2za1-904040698/?pid=539
2024-05-07 10:59:39 - WARNING - Duplicate article was found : https://13tv.co.il/item/news/economics/kka2x-904040585/?pid=539
2024-05-07 10:59:39 - WARNING - Duplicate article was found : https://13tv.co.il/item/news/economics/kka2x-904040585/?pid=539
2024-05-07 10:59:39 - WARNING - Duplicate article was found : https://13tv.co.il/item/news/economics/s50w9-904039576/?pid=539
2024-05-07 10:59:40 - WARNING - Duplicate article was found : https://13tv.co.il/item/news/economics/s50w9-904039576/?pid=539
2024-05-07 10:59:40 - WARNING - Duplicate article was found : https://13tv.co.il/item/news/economics/real-estate-904038596/?pid=539
2024-05-07 10:59:40 - WARNING - Duplicate article was found : https://13tv.co.il/item/news/economics/real-estate-904038596/?pid=539
2024-05-07 10:59:40 - WARNING - Duplicate article was found : https://www.ynet.co.il/economy/article/hyo5fhlz0#autoplay
2024-05-07 10:59:40 - WARNING - Duplicate article was found : https://13tv.co.il/item/news/economics/p40c6-904038245/?pid=539
2024-05-07 10:59:40 - WARNING - Duplicate article was found : https://www.ynet.co.il/economy/article/hyo5fhlz0#autoplay
2024-05-07 10:59:41 - WARNING - Duplicate article was found : https://13tv.co.il/item/news/economics/p40c6-904038245/?pid=539
2024-05-07 10:59:41 - WARNING - Duplicate article was found : https://www.ynet.co.il/economy/article/hyo5fhlz0#autoplay
2024-05-07 10:59:41 - WARNING - Duplicate article was found : https://13tv.co.il/item/news/economics/v8n8w-904038015/?pid=539
2024-05-07 10:59:41 - WARNING - Duplicate article was found : https://www.ynet.co.il/economy/article/hyqy11bvza
2024-05-07 10:59:41 - WARNING - Duplicate article was found : https://13tv.co.il/item/news/economics/v8n8w-904038015/?pid=539
2024-05-07 10:59:41 - WARNING - Duplicate article was found : https://www.ynet.co.il/economy/article/hyqy11bvza
2024-05-07 10:59:41 - WARNING - Duplicate article was found : https://13tv.co.il/item/news/economics/fuel-prices-904036511/?pid=539
2024-05-07 10:59:41 - WARNING - Duplicate article was found : https://www.ynet.co.il/economy/article/hyqy11bvza
2024-05-07 10:59:42 - WARNING - Duplicate article was found : https://13tv.co.il/item/news/economics/fuel-prices-904036511/?pid=539
2024-05-07 10:59:42 - WARNING - Duplicate article was found : https://13tv.co.il/item/news/economics/ua7uq-904035489/?pid=539
2024-05-07 10:59:42 - WARNING - Duplicate article was found : https://13tv.co.il/item/news/economics/ua7uq-904035489/?pid=539
2024-05-07 10:59:42 - WARNING - Duplicate article was found : https://13tv.co.il/item/news/economics/dwd2r-904033309/?pid=539
2024-05-07 10:59:42 - WARNING - Duplicate article was found : https://www.ynet.co.il/economy/article/rk6vbvlza#autoplay
2024-05-07 10:59:42 - WARNING - Duplicate article was found : https://13tv.co.il/item/news/economics/dwd2r-904033309/?pid=539
2024-05-07 10:59:43 - WARNING - Duplicate article was found : https://www.ynet.co.il/economy/article/rk6vbvlza#autoplay
2024-05-07 10:59:43 - WARNING - Duplicate article was found : https://www.mako.co.il/food-restaurants/restaurant-news/Article-48085fc561d4f81026.htm?sCh=c7250a2610f26110&pId=173113802
2024-05-07 10:59:43 - WARNING - Duplicate article was found : https://13tv.co.il/item/news/economics/lod6s-904026704/?pid=539
2024-05-07 10:59:43 - WARNING - Duplicate article was found : https://www.ynet.co.il/economy/article/rk6vbvlza#autoplay
2024-05-07 10:59:43 - WARNING - Duplicate article was found : https://www.mako.co.il/food-restaurants/restaurant-news/Article-48085fc561d4f81026.htm?sCh=c7250a2610f26110&pId=173113802
2024-05-07 10:59:43 - WARNING - Duplicate article was found : https://13tv.co.il/item/news/economics/lod6s-904026704/?pid=539
2024-05-07 10:59:43 - WARNING - Duplicate article was found : https://www.ynet.co.il/economy/article/sj1jjelg0#autoplay
2024-05-07 10:59:43 - WARNING - Duplicate article was found : https://13tv.co.il/item/news/economics/fdpt3-904022808/?pid=539
2024-05-07 10:59:43 - WARNING - Duplicate article was found : https://www.ynet.co.il/economy/article/sj1jjelg0#autoplay
2024-05-07 10:59:43 - WARNING - Duplicate article was found : https://13tv.co.il/item/news/economics/fdpt3-904022808/?pid=539
2024-05-07 10:59:44 - WARNING - Duplicate article was found : https://www.ynet.co.il/economy/article/sj1jjelg0#autoplay
2024-05-07 10:59:44 - WARNING - Duplicate article was found : https://13tv.co.il/item/news/economics/easyjet-904022019/?pid=539
2024-05-07 10:59:44 - WARNING - Duplicate article was found : https://www.ynet.co.il/economy/article/hkps8hlm0
2024-05-07 10:59:44 - WARNING - Duplicate article was found : https://13tv.co.il/item/news/economics/easyjet-904022019/?pid=539
2024-05-07 10:59:44 - WARNING - Duplicate article was found : https://www.ynet.co.il/economy/article/hkps8hlm0
2024-05-07 10:59:44 - WARNING - Duplicate article was found : https://13tv.co.il/item/news/economics/prices-904021119/?pid=539
2024-05-07 10:59:44 - WARNING - Duplicate article was found : https://www.ynet.co.il/economy/article/hkps8hlm0
2024-05-07 10:59:44 - WARNING - Duplicate article was found : https://13tv.co.il/item/news/economics/prices-904021119/?pid=539
2024-05-07 10:59:44 - WARNING - Duplicate article was found : https://www.ynet.co.il/economy/article/byg9lziz0#autoplay
2024-05-07 10:59:45 - WARNING - Duplicate article was found : https://13tv.co.il/item/news/economics/agihz-904020478/?pid=539
2024-05-07 10:59:45 - WARNING - Duplicate article was found : https://www.ynet.co.il/economy/article/byg9lziz0#autoplay
2024-05-07 10:59:45 - WARNING - Duplicate article was found : https://13tv.co.il/item/news/economics/agihz-904020478/?pid=539
2024-05-07 10:59:45 - WARNING - Duplicate article was found : https://www.ynet.co.il/economy/article/byg9lziz0#autoplay
2024-05-07 10:59:45 - WARNING - Duplicate article was found : https://13tv.co.il/item/news/economics/to2eh-904019433/?pid=539
2024-05-07 10:59:45 - WARNING - Duplicate article was found : https://www.ynet.co.il/economy/article/ryhhuj8zr#autoplay
2024-05-07 10:59:45 - WARNING - Duplicate article was found : https://13tv.co.il/item/news/economics/to2eh-904019433/?pid=539
2024-05-07 10:59:45 - WARNING - Duplicate article was found : https://www.mako.co.il/food-cooking_magazine/SOS/Article-dd78334e0874f81027.htm?sCh=c7250a2610f26110&pId=1595820704
2024-05-07 10:59:45 - WARNING - Duplicate article was found : https://www.ynet.co.il/economy/article/ryhhuj8zr#autoplay
2024-05-07 10:59:45 - WARNING - Duplicate article was found : https://13tv.co.il/item/news/economics/gqjh9-904014891/?pid=539
2024-05-07 10:59:46 - WARNING - Duplicate article was found : https://www.mako.co.il/food-cooking_magazine/SOS/Article-dd78334e0874f81027.htm?sCh=c7250a2610f26110&pId=1595820704
2024-05-07 10:59:46 - WARNING - Duplicate article was found : https://www.ynet.co.il/economy/article/ryhhuj8zr#autoplay
2024-05-07 10:59:46 - WARNING - Duplicate article was found : https://13tv.co.il/item/news/economics/gqjh9-904014891/?pid=539
2024-05-07 10:59:46 - WARNING - Duplicate article was found : https://www.mako.co.il/food-meals/lunch_recipes/Article-8232f773bf34f81027.htm?sCh=c7250a2610f26110&pId=1595820704
2024-05-07 10:59:46 - WARNING - Duplicate article was found : https://www.ynet.co.il/economy/article/hj9jrmrm0#autoplay
2024-05-07 10:59:46 - WARNING - Duplicate article was found : https://13tv.co.il/item/news/economics/passover-904013559/?pid=539
2024-05-07 10:59:46 - WARNING - Duplicate article was found : https://www.mako.co.il/food-meals/lunch_recipes/Article-8232f773bf34f81027.htm?sCh=c7250a2610f26110&pId=1595820704
2024-05-07 10:59:46 - WARNING - Duplicate article was found : https://www.ynet.co.il/economy/article/hj9jrmrm0#autoplay
2024-05-07 10:59:46 - WARNING - Duplicate article was found : https://13tv.co.il/item/news/economics/passover-904013559/?pid=539
2024-05-07 10:59:46 - WARNING - Duplicate article was found : https://www.mako.co.il/food-recipes/recipes_column-masterchef/Article-3310fd8fba44f81026.htm?sCh=c7250a2610f26110&pId=1595820704
2024-05-07 10:59:46 - WARNING - Duplicate article was found : https://www.ynet.co.il/economy/article/hj9jrmrm0#autoplay
2024-05-07 10:59:47 - WARNING - Duplicate article was found : https://www.mako.co.il/food-recipes/recipes_column-masterchef/Article-3310fd8fba44f81026.htm?sCh=c7250a2610f26110&pId=1595820704
2024-05-07 10:59:47 - WARNING - Duplicate article was found : https://www.ynet.co.il/economy/article/syhtmebma#autoplay
2024-05-07 10:59:47 - WARNING - Duplicate article was found : https://www.mako.co.il/food-masterchef/season11-articles/Article-1c78f77853a3f81026.htm?sCh=c7250a2610f26110&pId=1595820704
2024-05-07 10:59:47 - WARNING - Duplicate article was found : https://www.ynet.co.il/economy/article/syhtmebma#autoplay
2024-05-07 10:59:47 - WARNING - Duplicate article was found : https://www.mako.co.il/food-masterchef/season11-articles/Article-1c78f77853a3f81026.htm?sCh=c7250a2610f26110&pId=1595820704
2024-05-07 10:59:47 - WARNING - Duplicate article was found : https://www.ynet.co.il/economy/article/syhtmebma#autoplay
2024-05-07 10:59:47 - WARNING - Duplicate article was found : https://www.mako.co.il/food-masterchef/season11-articles/Article-9a454a497483f81027.htm?sCh=c7250a2610f26110&pId=1595820704
2024-05-07 10:59:47 - WARNING - Duplicate article was found : https://www.ynet.co.il/economy/article/sksvp0nma#autoplay
2024-05-07 10:59:47 - WARNING - Duplicate article was found : https://www.mako.co.il/food-masterchef/season11-articles/Article-9a454a497483f81027.htm?sCh=c7250a2610f26110&pId=1595820704
2024-05-07 10:59:48 - WARNING - Duplicate article was found : https://www.ynet.co.il/economy/article/sksvp0nma#autoplay
2024-05-07 10:59:48 - WARNING - Duplicate article was found : https://www.mako.co.il/food-masterchef/season11-articles/Article-9f074a497483f81027.htm?sCh=c7250a2610f26110&pId=1595820704
2024-05-07 10:59:48 - WARNING - Duplicate article was found : https://www.ynet.co.il/economy/article/sksvp0nma#autoplay
2024-05-07 10:59:48 - WARNING - Duplicate article was found : https://www.mako.co.il/food-masterchef/season11-articles/Article-9f074a497483f81027.htm?sCh=c7250a2610f26110&pId=1595820704
2024-05-07 10:59:48 - INFO - N12 fetch all articles and commit them to the database.
2024-05-07 10:59:48 - WARNING - Duplicate article was found : https://www.ynet.co.il/economy/article/skugzanma#autoplay
2024-05-07 10:59:48 - WARNING - Duplicate article was found : https://www.ynet.co.il/economy/article/skugzanma#autoplay
2024-05-07 10:59:49 - WARNING - Duplicate article was found : https://www.ynet.co.il/economy/article/skugzanma#autoplay
2024-05-07 10:59:49 - WARNING - Duplicate article was found : https://www.ynet.co.il/economy/article/ry0fkrema#autoplay
2024-05-07 10:59:49 - WARNING - Duplicate article was found : https://www.ynet.co.il/economy/article/ry0fkrema#autoplay
2024-05-07 10:59:49 - WARNING - Duplicate article was found : https://www.ynet.co.il/economy/article/ry0fkrema#autoplay
2024-05-07 10:59:50 - WARNING - Duplicate article was found : https://www.ynet.co.il/economy/article/ry8qu5efc#autoplay
2024-05-07 10:59:50 - WARNING - Duplicate article was found : https://www.ynet.co.il/economy/article/ry8qu5efc#autoplay
2024-05-07 10:59:50 - WARNING - Duplicate article was found : https://www.ynet.co.il/economy/article/ry8qu5efc#autoplay
2024-05-07 10:59:50 - WARNING - Duplicate article was found : https://www.ynet.co.il/economy/article/3ugy2cbdu#autoplay
2024-05-07 10:59:51 - WARNING - Duplicate article was found : https://www.ynet.co.il/economy/article/3ugy2cbdu#autoplay
2024-05-07 10:59:51 - WARNING - Duplicate article was found : https://www.ynet.co.il/economy/article/3ugy2cbdu#autoplay
2024-05-07 10:59:51 - WARNING - Duplicate article was found : https://www.ynet.co.il/economy/article/h1aryomga#autoplay
2024-05-07 10:59:51 - WARNING - Duplicate article was found : https://www.ynet.co.il/economy/article/h1aryomga#autoplay
2024-05-07 10:59:52 - WARNING - Duplicate article was found : https://www.ynet.co.il/economy/article/h1aryomga#autoplay
2024-05-07 10:59:52 - WARNING - Duplicate article was found : https://www.ynet.co.il/economy/article/sjqoq00mgr#autoplay
2024-05-07 10:59:52 - WARNING - Duplicate article was found : https://www.ynet.co.il/economy/article/sjqoq00mgr#autoplay
2024-05-07 10:59:52 - WARNING - Duplicate article was found : https://www.ynet.co.il/economy/article/sjqoq00mgr#autoplay
2024-05-07 10:59:53 - WARNING - Duplicate article was found : https://www.ynet.co.il/economy/article/r1z11sxwfa#autoplay
2024-05-07 10:59:53 - WARNING - Duplicate article was found : https://www.ynet.co.il/economy/article/r1z11sxwfa#autoplay
2024-05-07 10:59:53 - WARNING - Duplicate article was found : https://13tv.co.il/item/yummies/food-news/mwjcq-904042698/?pid=1058018
2024-05-07 10:59:53 - WARNING - Duplicate article was found : https://www.ynet.co.il/economy/article/r1z11sxwfa#autoplay
2024-05-07 10:59:53 - WARNING - Duplicate article was found : https://13tv.co.il/item/yummies/food-news/mwjcq-904042698/?pid=1058018
2024-05-07 10:59:53 - WARNING - Duplicate article was found : https://www.ynet.co.il/economy/article/r1s500rlmc#autoplay
2024-05-07 10:59:54 - WARNING - Duplicate article was found : https://www.ynet.co.il/economy/article/r1s500rlmc#autoplay
2024-05-07 10:59:54 - WARNING - Duplicate article was found : https://13tv.co.il/item/yummies/food-news/op4yd-904038032/?pid=1058018
2024-05-07 10:59:54 - WARNING - Duplicate article was found : https://www.ynet.co.il/economy/article/r1s500rlmc#autoplay
2024-05-07 10:59:54 - WARNING - Duplicate article was found : https://13tv.co.il/item/yummies/food-news/op4yd-904038032/?pid=1058018
2024-05-07 10:59:54 - WARNING - Duplicate article was found : https://13tv.co.il/item/yummies/food-news/g78c1-904036969/?pid=1058018
2024-05-07 10:59:54 - WARNING - Duplicate article was found : https://13tv.co.il/item/yummies/food-news/g78c1-904036969/?pid=1058018
2024-05-07 10:59:54 - WARNING - Duplicate article was found : https://13tv.co.il/item/yummies/food-news/w0fzw-904024268/?pid=1058018
2024-05-07 10:59:55 - WARNING - Duplicate article was found : https://13tv.co.il/item/yummies/food-news/w0fzw-904024268/?pid=1058018
2024-05-07 10:59:55 - WARNING - Duplicate article was found : https://13tv.co.il/item/yummies/food-news/tukab-904025811/?pid=1058018
2024-05-07 10:59:55 - WARNING - Duplicate article was found : https://13tv.co.il/item/yummies/food-news/tukab-904025811/?pid=1058018
2024-05-07 10:59:56 - WARNING - Duplicate article was found : https://13tv.co.il/item/yummies/food-news/yo4rt-904025595/?pid=1058018
2024-05-07 10:59:56 - WARNING - Duplicate article was found : https://13tv.co.il/item/yummies/food-news/yo4rt-904025595/?pid=1058018
2024-05-07 10:59:56 - WARNING - Duplicate article was found : https://13tv.co.il/item/yummies/food-news/uqpmq-904023788/?pid=1058018
2024-05-07 10:59:56 - WARNING - Duplicate article was found : https://13tv.co.il/item/yummies/food-news/uqpmq-904023788/?pid=1058018
2024-05-07 10:59:57 - WARNING - Duplicate article was found : https://13tv.co.il/item/yummies/food-news/aztut-904009620/?pid=1058018
2024-05-07 10:59:57 - WARNING - Duplicate article was found : https://13tv.co.il/item/yummies/food-news/aztut-904009620/?pid=1058018
2024-05-07 10:59:57 - WARNING - Duplicate article was found : https://13tv.co.il/item/yummies/food-news/fgzfw-904022098/?pid=1058018
2024-05-07 10:59:57 - WARNING - Duplicate article was found : https://13tv.co.il/item/yummies/food-news/fgzfw-904022098/?pid=1058018
2024-05-07 10:59:57 - WARNING - Duplicate article was found : https://13tv.co.il/item/yummies/food-news/c26qb-904021045/?pid=1058018
2024-05-07 10:59:58 - WARNING - Duplicate article was found : https://13tv.co.il/item/yummies/food-news/c26qb-904021045/?pid=1058018
2024-05-07 10:59:58 - WARNING - Duplicate article was found : https://13tv.co.il/item/yummies/food-news/x4swl-904020470/?pid=1058018
2024-05-07 10:59:58 - WARNING - Duplicate article was found : https://13tv.co.il/item/yummies/food-news/x4swl-904020470/?pid=1058018
2024-05-07 10:59:58 - WARNING - Duplicate article was found : https://13tv.co.il/item/yummies/food-news/xc6mt-904016026/?pid=1058018
2024-05-07 10:59:59 - WARNING - Duplicate article was found : https://13tv.co.il/item/yummies/food-news/xc6mt-904016026/?pid=1058018
2024-05-07 10:59:59 - WARNING - Duplicate article was found : https://13tv.co.il/item/yummies/food-news/jtbe8-904015261/?pid=1058018
2024-05-07 10:59:59 - WARNING - Duplicate article was found : https://13tv.co.il/item/yummies/food-news/jtbe8-904015261/?pid=1058018
2024-05-07 10:59:59 - WARNING - Duplicate article was found : https://13tv.co.il/item/yummies/food-news/gp2hr-904014362/?pid=1058018
2024-05-07 11:00:00 - WARNING - Duplicate article was found : https://13tv.co.il/item/yummies/food-news/gp2hr-904014362/?pid=1058018
2024-05-07 11:00:00 - WARNING - Duplicate article was found : https://13tv.co.il/item/yummies/food-news/nmr93-904013842/?pid=1058018
2024-05-07 11:00:00 - WARNING - Duplicate article was found : https://13tv.co.il/item/yummies/food-news/nmr93-904013842/?pid=1058018
2024-05-07 11:00:00 - WARNING - Duplicate article was found : https://13tv.co.il/item/yummies/food-news/vp041-904009762/?pid=1058018
2024-05-07 11:00:00 - WARNING - Duplicate article was found : https://13tv.co.il/item/yummies/food-news/vp041-904009762/?pid=1058018
2024-05-07 11:00:01 - WARNING - Duplicate article was found : https://13tv.co.il/item/yummies/food-news/g1pwa-904004839/?pid=1058018
2024-05-07 11:00:01 - WARNING - Duplicate article was found : https://13tv.co.il/item/yummies/food-news/g1pwa-904004839/?pid=1058018
2024-05-07 11:00:01 - WARNING - Duplicate article was found : https://13tv.co.il/item/yummies/food-news/y2y7i-904004723/?pid=1058018
2024-05-07 11:00:01 - WARNING - Duplicate article was found : https://13tv.co.il/item/yummies/food-news/y2y7i-904004723/?pid=1058018
2024-05-07 11:00:02 - WARNING - Duplicate article was found : https://13tv.co.il/item/yummies/food-news/sgfec-904004235/?pid=1058018
2024-05-07 11:00:02 - WARNING - Duplicate article was found : https://13tv.co.il/item/yummies/food-news/sgfec-904004235/?pid=1058018
2024-05-07 11:00:08 - INFO - N13 fetch all articles and commit them to the database.
2024-05-07 11:00:09 - WARNING - Duplicate article was found : https://www.ynet.co.il/food/foodnews/article/sj11gjbbgn
2024-05-07 11:00:09 - WARNING - Duplicate article was found : https://www.ynet.co.il/food/foodnews/article/sj11gjbbgn
2024-05-07 11:00:10 - WARNING - Duplicate article was found : https://www.ynet.co.il/food/foodnews/article/sj11gjbbgn
2024-05-07 11:00:10 - WARNING - Duplicate article was found : https://www.ynet.co.il/food/foodnews/article/bylwq9wz0
2024-05-07 11:00:10 - WARNING - Duplicate article was found : https://www.ynet.co.il/food/foodnews/article/bylwq9wz0
2024-05-07 11:00:10 - WARNING - Duplicate article was found : https://www.ynet.co.il/food/foodnews/article/bylwq9wz0
2024-05-07 11:00:11 - WARNING - Duplicate article was found : https://www.ynet.co.il/food/foodnews/article/by4vg8tgc
2024-05-07 11:00:11 - WARNING - Duplicate article was found : https://www.ynet.co.il/food/foodnews/article/by4vg8tgc
2024-05-07 11:00:11 - WARNING - Duplicate article was found : https://www.ynet.co.il/food/foodnews/article/by4vg8tgc
2024-05-07 11:00:11 - WARNING - Duplicate article was found : https://www.ynet.co.il/food/foodnews/article/BJlfrSJNO
2024-05-07 11:00:12 - WARNING - Duplicate article was found : https://www.ynet.co.il/food/foodnews/article/BJlfrSJNO
2024-05-07 11:00:12 - WARNING - Duplicate article was found : https://www.ynet.co.il/food/foodnews/article/BJlfrSJNO
2024-05-07 11:00:12 - WARNING - Duplicate article was found : https://www.ynet.co.il/food/foodnews/article/b1i5dbxxc
2024-05-07 11:00:13 - WARNING - Duplicate article was found : https://www.ynet.co.il/food/foodnews/article/b1i5dbxxc
2024-05-07 11:00:13 - WARNING - Duplicate article was found : https://www.ynet.co.il/food/foodnews/article/b1i5dbxxc
2024-05-07 11:00:13 - WARNING - Duplicate article was found : https://www.ynet.co.il/food/foodnews/article/byc7apvg3
2024-05-07 11:00:13 - WARNING - Duplicate article was found : https://www.ynet.co.il/food/foodnews/article/byc7apvg3
2024-05-07 11:00:14 - WARNING - Duplicate article was found : https://www.ynet.co.il/food/foodnews/article/byc7apvg3
2024-05-07 11:00:14 - WARNING - Duplicate article was found : https://www.ynet.co.il/food/foodnews/article/bydisg1mc
2024-05-07 11:00:14 - WARNING - Duplicate article was found : https://www.ynet.co.il/food/foodnews/article/bydisg1mc
2024-05-07 11:00:14 - WARNING - Duplicate article was found : https://www.ynet.co.il/food/foodnews/article/bydisg1mc
2024-05-07 11:00:15 - WARNING - Duplicate article was found : https://www.ynet.co.il/food/foodnews/article/yokra13876274
2024-05-07 11:00:15 - WARNING - Duplicate article was found : https://www.ynet.co.il/food/foodnews/article/yokra13876274
2024-05-07 11:00:15 - WARNING - Duplicate article was found : https://www.ynet.co.il/food/foodnews/article/yokra13876274
2024-05-07 11:00:15 - WARNING - Duplicate article was found : https://www.ynet.co.il/food/foodnews/article/sklcquylr#autoplay
2024-05-07 11:00:16 - WARNING - Duplicate article was found : https://www.ynet.co.il/food/foodnews/article/sklcquylr#autoplay
2024-05-07 11:00:16 - WARNING - Duplicate article was found : https://www.ynet.co.il/food/foodnews/article/sklcquylr#autoplay
2024-05-07 11:00:16 - WARNING - Duplicate article was found : https://www.ynet.co.il/food/foodnews/article/hj8ecfzx0#autoplay
2024-05-07 11:00:17 - WARNING - Duplicate article was found : https://www.ynet.co.il/food/foodnews/article/hj8ecfzx0#autoplay
2024-05-07 11:00:17 - WARNING - Duplicate article was found : https://www.ynet.co.il/food/foodnews/article/hj8ecfzx0#autoplay
2024-05-07 11:00:17 - WARNING - Duplicate article was found : https://www.ynet.co.il/food/foodnews/article/hk3sazjya
2024-05-07 11:00:17 - WARNING - Duplicate article was found : https://www.ynet.co.il/food/foodnews/article/hk3sazjya
2024-05-07 11:00:18 - WARNING - Duplicate article was found : https://www.ynet.co.il/food/foodnews/article/hk3sazjya
2024-05-07 11:00:18 - WARNING - Duplicate article was found : https://www.ynet.co.il/food/foodnews/article/sjycrt5jc
2024-05-07 11:00:18 - WARNING - Duplicate article was found : https://www.ynet.co.il/food/foodnews/article/sjycrt5jc
2024-05-07 11:00:18 - WARNING - Duplicate article was found : https://www.ynet.co.il/food/foodnews/article/sjycrt5jc
2024-05-07 11:00:19 - WARNING - Duplicate article was found : https://www.ynet.co.il/food/foodnews/article/bktd7voj0
2024-05-07 11:00:19 - WARNING - Duplicate article was found : https://www.ynet.co.il/food/foodnews/article/bktd7voj0
2024-05-07 11:00:19 - WARNING - Duplicate article was found : https://www.ynet.co.il/food/foodnews/article/bktd7voj0
2024-05-07 11:00:19 - WARNING - Duplicate article was found : https://www.ynet.co.il/food/foodnews/article/rkfmg7uk0
2024-05-07 11:00:19 - WARNING - Duplicate article was found : https://www.ynet.co.il/food/foodnews/article/rkfmg7uk0
2024-05-07 11:00:20 - WARNING - Duplicate article was found : https://www.ynet.co.il/food/foodnews/article/rkfmg7uk0
2024-05-07 11:00:20 - WARNING - Duplicate article was found : https://www.ynet.co.il/food/foodnews/article/yokra13857551
2024-05-07 11:00:20 - WARNING - Duplicate article was found : https://www.ynet.co.il/food/foodnews/article/yokra13857551
2024-05-07 11:00:20 - WARNING - Duplicate article was found : https://www.ynet.co.il/food/foodnews/article/yokra13857551
2024-05-07 11:00:21 - WARNING - Duplicate article was found : https://www.ynet.co.il/food/foodnews/article/hjqnpmekr
2024-05-07 11:00:21 - WARNING - Duplicate article was found : https://www.ynet.co.il/food/foodnews/article/hjqnpmekr
2024-05-07 11:00:21 - WARNING - Duplicate article was found : https://www.ynet.co.il/food/foodnews/article/hjqnpmekr
2024-05-07 11:00:21 - WARNING - Duplicate article was found : https://www.ynet.co.il/food/foodnews/article/yokra13856354
2024-05-07 11:00:22 - WARNING - Duplicate article was found : https://www.ynet.co.il/food/foodnews/article/yokra13856354
2024-05-07 11:00:22 - WARNING - Duplicate article was found : https://www.ynet.co.il/food/foodnews/article/yokra13856354
2024-05-07 11:00:22 - WARNING - Duplicate article was found : https://www.ynet.co.il/food/foodnews/article/yokra13853389
2024-05-07 11:00:22 - WARNING - Duplicate article was found : https://www.ynet.co.il/food/foodnews/article/yokra13853389
2024-05-07 11:00:23 - WARNING - Duplicate article was found : https://www.ynet.co.il/food/foodnews/article/yokra13853389
2024-05-07 11:00:23 - WARNING - Duplicate article was found : https://www.ynet.co.il/food/foodnews/article/hyjinckaa
2024-05-07 11:00:23 - WARNING - Duplicate article was found : https://www.ynet.co.il/food/foodnews/article/hyjinckaa
2024-05-07 11:00:23 - WARNING - Duplicate article was found : https://www.ynet.co.il/food/foodnews/article/hyjinckaa
2024-05-07 11:00:38 - INFO - YNET fetch all articles and commit them to the database.
